This is pdfTeX, Version 3.141592653-2.6-1.40.29 (TeX Live 2026) (preloaded format=pdflatex 2026.4.25)  19 JUN 2026 19:05
entering extended mode
 restricted \write18 enabled.
 %&-line parsing enabled.
**manuscript_signed.tex
(./manuscript_signed.tex
LaTeX2e <2025-11-01>
L3 programming layer <2026-03-20>
(d:/texlive/2026/texmf-dist/tex/latex/base/article.cls
Document Class: article 2025/01/22 v1.4n Standard LaTeX document class
(d:/texlive/2026/texmf-dist/tex/latex/base/size11.clo
File: size11.clo 2025/01/22 v1.4n Standard LaTeX file (size option)
)
\c@part=\count275
\c@section=\count276
\c@subsection=\count277
\c@subsubsection=\count278
\c@paragraph=\count279
\c@subparagraph=\count280
\c@figure=\count281
\c@table=\count282
\abovecaptionskip=\skip49
\belowcaptionskip=\skip50
\bibindent=\dimen150
)
(d:/texlive/2026/texmf-dist/tex/latex/amsmath/amsmath.sty
Package: amsmath 2025/07/09 v2.17z AMS math features
\@mathmargin=\skip51

For additional information on amsmath, use the `?' option.
(d:/texlive/2026/texmf-dist/tex/latex/amsmath/amstext.sty
Package: amstext 2024/11/17 v2.01 AMS text

(d:/texlive/2026/texmf-dist/tex/latex/amsmath/amsgen.sty
File: amsgen.sty 1999/11/30 v2.0 generic functions
\@emptytoks=\toks17
\ex@=\dimen151
))
(d:/texlive/2026/texmf-dist/tex/latex/amsmath/amsbsy.sty
Package: amsbsy 1999/11/29 v1.2d Bold Symbols
\pmbraise@=\dimen152
)
(d:/texlive/2026/texmf-dist/tex/latex/amsmath/amsopn.sty
Package: amsopn 2022/04/08 v2.04 operator names
)
\inf@bad=\count283
LaTeX Info: Redefining \frac on input line 233.
\uproot@=\count284
\leftroot@=\count285
LaTeX Info: Redefining \overline on input line 398.
LaTeX Info: Redefining \colon on input line 409.
\classnum@=\count286
\DOTSCASE@=\count287
LaTeX Info: Redefining \ldots on input line 495.
LaTeX Info: Redefining \dots on input line 498.
LaTeX Info: Redefining \cdots on input line 619.
\Mathstrutbox@=\box53
\strutbox@=\box54
LaTeX Info: Redefining \big on input line 721.
LaTeX Info: Redefining \Big on input line 722.
LaTeX Info: Redefining \bigg on input line 723.
LaTeX Info: Redefining \Bigg on input line 724.
\big@size=\dimen153
LaTeX Font Info:    Redeclaring font encoding OML on input line 742.
LaTeX Font Info:    Redeclaring font encoding OMS on input line 743.
\macc@depth=\count288
LaTeX Info: Redefining \bmod on input line 904.
LaTeX Info: Redefining \pmod on input line 909.
LaTeX Info: Redefining \smash on input line 939.
LaTeX Info: Redefining \relbar on input line 969.
LaTeX Info: Redefining \Relbar on input line 970.
\c@MaxMatrixCols=\count289
\dotsspace@=\muskip17
\c@parentequation=\count290
\dspbrk@lvl=\count291
\tag@help=\toks18
\row@=\count292
\column@=\count293
\maxfields@=\count294
\andhelp@=\toks19
\eqnshift@=\dimen154
\alignsep@=\dimen155
\tagshift@=\dimen156
\tagwidth@=\dimen157
\totwidth@=\dimen158
\lineht@=\dimen159
\@envbody=\toks20
\multlinegap=\skip52
\multlinetaggap=\skip53
\mathdisplay@stack=\toks21
LaTeX Info: Redefining \[ on input line 2950.
LaTeX Info: Redefining \] on input line 2951.
)
(d:/texlive/2026/texmf-dist/tex/latex/amsfonts/amssymb.sty
Package: amssymb 2013/01/14 v3.01 AMS font symbols

(d:/texlive/2026/texmf-dist/tex/latex/amsfonts/amsfonts.sty
Package: amsfonts 2013/01/14 v3.01 Basic AMSFonts support
\symAMSa=\mathgroup4
\symAMSb=\mathgroup5
LaTeX Font Info:    Redeclaring math symbol \hbar on input line 98.
LaTeX Font Info:    Overwriting math alphabet `\mathfrak' in version `bold'
(Font)                  U/euf/m/n --> U/euf/b/n on input line 106.
))
(d:/texlive/2026/texmf-dist/tex/latex/booktabs/booktabs.sty
Package: booktabs 2020/01/12 v1.61803398 Publication quality tables
\heavyrulewidth=\dimen160
\lightrulewidth=\dimen161
\cmidrulewidth=\dimen162
\belowrulesep=\dimen163
\belowbottomsep=\dimen164
\aboverulesep=\dimen165
\abovetopsep=\dimen166
\cmidrulesep=\dimen167
\cmidrulekern=\dimen168
\defaultaddspace=\dimen169
\@cmidla=\count295
\@cmidlb=\count296
\@aboverulesep=\dimen170
\@belowrulesep=\dimen171
\@thisruleclass=\count297
\@lastruleclass=\count298
\@thisrulewidth=\dimen172
)
(d:/texlive/2026/texmf-dist/tex/latex/graphics/graphicx.sty
Package: graphicx 2024/12/31 v1.2e Enhanced LaTeX Graphics (DPC,SPQR)

(d:/texlive/2026/texmf-dist/tex/latex/graphics/keyval.sty
Package: keyval 2022/05/29 v1.15 key=value parser (DPC)
\KV@toks@=\toks22
)
(d:/texlive/2026/texmf-dist/tex/latex/graphics/graphics.sty
Package: graphics 2024/08/06 v1.4g Standard LaTeX Graphics (DPC,SPQR)

(d:/texlive/2026/texmf-dist/tex/latex/graphics/trig.sty
Package: trig 2023/12/02 v1.11 sin cos tan (DPC)
)
(d:/texlive/2026/texmf-dist/tex/latex/graphics-cfg/graphics.cfg
File: graphics.cfg 2016/06/04 v1.11 sample graphics configuration
)
Package graphics Info: Driver file: pdftex.def on input line 106.

(d:/texlive/2026/texmf-dist/tex/latex/graphics-def/pdftex.def
File: pdftex.def 2025/09/29 v1.2d Graphics/color driver for pdftex
))
\Gin@req@height=\dimen173
\Gin@req@width=\dimen174
)
(d:/texlive/2026/texmf-dist/tex/latex/multirow/multirow.sty
Package: multirow 2024/11/12 v2.9 Span multiple rows of a table
\multirow@colwidth=\skip54
\multirow@cntb=\count299
\multirow@dima=\skip55
\bigstrutjot=\dimen175
)
(d:/texlive/2026/texmf-dist/tex/latex/caption/caption.sty
Package: caption 2023/08/05 v3.6o Customizing captions (AR)

(d:/texlive/2026/texmf-dist/tex/latex/caption/caption3.sty
Package: caption3 2023/07/31 v2.4d caption3 kernel (AR)
\caption@tempdima=\dimen176
\captionmargin=\dimen177
\caption@leftmargin=\dimen178
\caption@rightmargin=\dimen179
\caption@width=\dimen180
\caption@indent=\dimen181
\caption@parindent=\dimen182
\caption@hangindent=\dimen183
Package caption Info: Standard document class detected.
)
\c@caption@flags=\count300
\c@continuedfloat=\count301
)
(d:/texlive/2026/texmf-dist/tex/latex/caption/subcaption.sty
Package: subcaption 2023/07/28 v1.6b Sub-captions (AR)
Package caption Info: New subtype `subfigure' on input line 238.
\c@subfigure=\count302
Package caption Info: New subtype `subtable' on input line 238.
\c@subtable=\count303
)
(d:/texlive/2026/texmf-dist/tex/latex/hyperref/hyperref.sty
Package: hyperref 2026-01-29 v7.01p Hypertext links for LaTeX

(d:/texlive/2026/texmf-dist/tex/generic/iftex/iftex.sty
Package: iftex 2024/12/12 v1.0g TeX engine tests
)
(d:/texlive/2026/texmf-dist/tex/latex/kvsetkeys/kvsetkeys.sty
Package: kvsetkeys 2022-10-05 v1.19 Key value parser (HO)
)
(d:/texlive/2026/texmf-dist/tex/generic/kvdefinekeys/kvdefinekeys.sty
Package: kvdefinekeys 2019-12-19 v1.6 Define keys (HO)
)
(d:/texlive/2026/texmf-dist/tex/generic/pdfescape/pdfescape.sty
Package: pdfescape 2019/12/09 v1.15 Implements pdfTeX's escape features (HO)

(d:/texlive/2026/texmf-dist/tex/generic/ltxcmds/ltxcmds.sty
Package: ltxcmds 2023-12-04 v1.26 LaTeX kernel commands for general use (HO)
)
(d:/texlive/2026/texmf-dist/tex/generic/pdftexcmds/pdftexcmds.sty
Package: pdftexcmds 2020-06-27 v0.33 Utility functions of pdfTeX for LuaTeX (HO
)

(d:/texlive/2026/texmf-dist/tex/generic/infwarerr/infwarerr.sty
Package: infwarerr 2019/12/03 v1.5 Providing info/warning/error messages (HO)
)
Package pdftexcmds Info: \pdf@primitive is available.
Package pdftexcmds Info: \pdf@ifprimitive is available.
Package pdftexcmds Info: \pdfdraftmode found.
))
(d:/texlive/2026/texmf-dist/tex/latex/hycolor/hycolor.sty
Package: hycolor 2020-01-27 v1.10 Color options for hyperref/bookmark (HO)
)
(d:/texlive/2026/texmf-dist/tex/latex/hyperref/nameref.sty
Package: nameref 2026-01-29 v2.58 Cross-referencing by name of section

(d:/texlive/2026/texmf-dist/tex/latex/refcount/refcount.sty
Package: refcount 2019/12/15 v3.6 Data extraction from label references (HO)
)
(d:/texlive/2026/texmf-dist/tex/generic/gettitlestring/gettitlestring.sty
Package: gettitlestring 2019/12/15 v1.6 Cleanup title references (HO)

(d:/texlive/2026/texmf-dist/tex/latex/kvoptions/kvoptions.sty
Package: kvoptions 2022-06-15 v3.15 Key value format for package options (HO)
))
\c@section@level=\count304
)
(d:/texlive/2026/texmf-dist/tex/latex/etoolbox/etoolbox.sty
Package: etoolbox 2025/10/02 v2.5m e-TeX tools for LaTeX (JAW)
\etb@tempcnta=\count305
)
(d:/texlive/2026/texmf-dist/tex/generic/stringenc/stringenc.sty
Package: stringenc 2019/11/29 v1.12 Convert strings between diff. encodings (HO
)
)
\@linkdim=\dimen184
\Hy@linkcounter=\count306
\Hy@pagecounter=\count307

(d:/texlive/2026/texmf-dist/tex/latex/hyperref/pd1enc.def
File: pd1enc.def 2026-01-29 v7.01p Hyperref: PDFDocEncoding definition (HO)
Now handling font encoding PD1 ...
... no UTF-8 mapping file for font encoding PD1
)
(d:/texlive/2026/texmf-dist/tex/generic/intcalc/intcalc.sty
Package: intcalc 2019/12/15 v1.3 Expandable calculations with integers (HO)
)
\Hy@SavedSpaceFactor=\count308

(d:/texlive/2026/texmf-dist/tex/latex/hyperref/puenc.def
File: puenc.def 2026-01-29 v7.01p Hyperref: PDF Unicode definition (HO)
Now handling font encoding PU ...
... no UTF-8 mapping file for font encoding PU
)
Package hyperref Info: Hyper figures OFF on input line 4201.
Package hyperref Info: Link nesting OFF on input line 4206.
Package hyperref Info: Hyper index ON on input line 4209.
Package hyperref Info: Plain pages OFF on input line 4216.
Package hyperref Info: Backreferencing OFF on input line 4221.
Package hyperref Info: Implicit mode ON; LaTeX internals redefined.
Package hyperref Info: Bookmarks ON on input line 4468.
\c@Hy@tempcnt=\count309

(d:/texlive/2026/texmf-dist/tex/latex/url/url.sty
\Urlmuskip=\muskip18
Package: url 2013/09/16  ver 3.4  Verb mode for urls, etc.
)
LaTeX Info: Redefining \url on input line 4807.
\XeTeXLinkMargin=\dimen185

(d:/texlive/2026/texmf-dist/tex/generic/bitset/bitset.sty
Package: bitset 2019/12/09 v1.3 Handle bit-vector datatype (HO)

(d:/texlive/2026/texmf-dist/tex/generic/bigintcalc/bigintcalc.sty
Package: bigintcalc 2019/12/15 v1.5 Expandable calculations on big integers (HO
)
))
\Fld@menulength=\count310
\Field@Width=\dimen186
\Fld@charsize=\dimen187
Package hyperref Info: Hyper figures OFF on input line 6084.
Package hyperref Info: Link nesting OFF on input line 6089.
Package hyperref Info: Hyper index ON on input line 6092.
Package hyperref Info: backreferencing OFF on input line 6099.
Package hyperref Info: Link coloring OFF on input line 6104.
Package hyperref Info: Link coloring with OCG OFF on input line 6109.
Package hyperref Info: PDF/A mode OFF on input line 6114.
\Hy@abspage=\count311
\c@Item=\count312
\c@Hfootnote=\count313
)
Package hyperref Info: Driver (autodetected): hpdftex.

(d:/texlive/2026/texmf-dist/tex/latex/hyperref/hpdftex.def
File: hpdftex.def 2026-01-29 v7.01p Hyperref driver for pdfTeX
\Fld@listcount=\count314
\c@bookmark@seq@number=\count315

(d:/texlive/2026/texmf-dist/tex/latex/rerunfilecheck/rerunfilecheck.sty
Package: rerunfilecheck 2025-06-21 v1.11 Rerun checks for auxiliary files (HO)

(d:/texlive/2026/texmf-dist/tex/generic/uniquecounter/uniquecounter.sty
Package: uniquecounter 2019/12/15 v1.4 Provide unlimited unique counter (HO)
)
Package uniquecounter Info: New unique counter `rerunfilecheck' on input line 2
84.
)
\Hy@SectionHShift=\skip56
)
(d:/texlive/2026/texmf-dist/tex/latex/graphics/color.sty
Package: color 2025/01/14 v1.3e Standard LaTeX Color (DPC)

(d:/texlive/2026/texmf-dist/tex/latex/graphics-cfg/color.cfg
File: color.cfg 2016/01/02 v1.6 sample color configuration
)
Package color Info: Driver file: pdftex.def on input line 149.

(d:/texlive/2026/texmf-dist/tex/latex/graphics/mathcolor.ltx))
(d:/texlive/2026/texmf-dist/tex/latex/natbib/natbib.sty
Package: natbib 2010/09/13 8.31b (PWD, AO)
\bibhang=\skip57
\bibsep=\skip58
LaTeX Info: Redefining \cite on input line 694.
\c@NAT@ctr=\count316
)
(d:/texlive/2026/texmf-dist/tex/latex/l3backend/l3backend-pdftex.def
File: l3backend-pdftex.def 2026-02-18 L3 backend support: PDF output (pdfTeX)
\l__color_backend_stack_int=\count317
)
(./manuscript_signed.aux)
\openout1 = `manuscript_signed.aux'.

LaTeX Font Info:    Checking defaults for OML/cmm/m/it on input line 20.
LaTeX Font Info:    ... okay on input line 20.
LaTeX Font Info:    Checking defaults for OMS/cmsy/m/n on input line 20.
LaTeX Font Info:    ... okay on input line 20.
LaTeX Font Info:    Checking defaults for OT1/cmr/m/n on input line 20.
LaTeX Font Info:    ... okay on input line 20.
LaTeX Font Info:    Checking defaults for T1/cmr/m/n on input line 20.
LaTeX Font Info:    ... okay on input line 20.
LaTeX Font Info:    Checking defaults for TS1/cmr/m/n on input line 20.
LaTeX Font Info:    ... okay on input line 20.
LaTeX Font Info:    Checking defaults for OMX/cmex/m/n on input line 20.
LaTeX Font Info:    ... okay on input line 20.
LaTeX Font Info:    Checking defaults for U/cmr/m/n on input line 20.
LaTeX Font Info:    ... okay on input line 20.
LaTeX Font Info:    Checking defaults for PD1/pdf/m/n on input line 20.
LaTeX Font Info:    ... okay on input line 20.
LaTeX Font Info:    Checking defaults for PU/pdf/m/n on input line 20.
LaTeX Font Info:    ... okay on input line 20.

(d:/texlive/2026/texmf-dist/tex/context/base/mkii/supp-pdf.mkii
[Loading MPS to PDF converter (version 2006.09.02).]
\scratchcounter=\count318
\scratchdimen=\dimen188
\scratchbox=\box55
\nofMPsegments=\count319
\nofMParguments=\count320
\everyMPshowfont=\toks23
\MPscratchCnt=\count321
\MPscratchDim=\dimen189
\MPnumerator=\count322
\makeMPintoPDFobject=\count323
\everyMPtoPDFconversion=\toks24
) (d:/texlive/2026/texmf-dist/tex/latex/epstopdf-pkg/epstopdf-base.sty
Package: epstopdf-base 2020-01-24 v2.11 Base part for package epstopdf
Package epstopdf-base Info: Redefining graphics rule for `.eps' on input line 4
85.

(d:/texlive/2026/texmf-dist/tex/latex/latexconfig/epstopdf-sys.cfg
File: epstopdf-sys.cfg 2010/07/13 v1.3 Configuration of (r)epstopdf for TeX Liv
e
))
Package caption Info: Begin \AtBeginDocument code.
Package caption Info: hyperref package is loaded.
Package caption Info: End \AtBeginDocument code.
Package hyperref Info: Link coloring OFF on input line 20.

(./manuscript_signed.out) (./manuscript_signed.out)
\@outlinefile=\write3
\openout3 = `manuscript_signed.out'.

LaTeX Font Info:    Trying to load font information for U+msa on input line 30.


(d:/texlive/2026/texmf-dist/tex/latex/amsfonts/umsa.fd
File: umsa.fd 2013/01/14 v3.01 AMS symbols A
)
LaTeX Font Info:    Trying to load font information for U+msb on input line 30.


(d:/texlive/2026/texmf-dist/tex/latex/amsfonts/umsb.fd
File: umsb.fd 2013/01/14 v3.01 AMS symbols B
) [1

{d:/texlive/2026/texmf-var/fonts/map/pdftex/updmap/pdftex.map}] [2]
Overfull \hbox (4.08377pt too wide) in paragraph at lines 54--55
[]\OT1/cmr/bx/n/10.95 Order-of-magnitude com-pute re-duc-tion. \OT1/cmr/m/n/10.
95 The com-plete pipeline---
 []


Overfull \hbox (13.88226pt too wide) in paragraph at lines 54--55
\OT1/cmr/m/n/10.95 trajectory col-lec-tion, tran-si-tion model train-ing, and p
ol-icy optimization---
 []

[3]
Overfull \hbox (1.07378pt too wide) in paragraph at lines 69--70
[]\OT1/cmr/m/n/10.95 Our ap-proach dif-fers from Dreamer-style meth-ods in a ke
y re-spect: rather
 []

[4] [5] [6] [7]
Overfull \hbox (1.35121pt too wide) in paragraph at lines 158--159
\OT1/cmr/m/n/10.95 The \OT1/cmr/m/it/10.95 Learned-Coun-tyEnv \OT1/cmr/m/n/10.9
5 wraps the trained tran-si-tion model as a Gymnasium-
 []

[8] [9]
Overfull \hbox (9.87659pt too wide) in paragraph at lines 199--200
[]\OT1/cmr/bx/n/10.95 Non-learning block base-lines\OT1/cmr/m/n/10.95 : ran-dom
 valid-block se-lec-tion (5 seeds),
 []


Overfull \hbox (12.69579pt too wide) in paragraph at lines 199--200
\OT1/cmr/m/n/10.95 dy-namic slope-gap greedy, area-weighted greedy, contiguity-
aware greedy,
 []


Overfull \hbox (3.50983pt too wide) in paragraph at lines 202--203
[]\OT1/cmr/bx/n/10.95 Model-Based \OT1/cmr/m/n/10.95 (ours): Mask-able PPO on L
earned-Coun-tyEnv, 15 seeds,
 []

[10]
Overfull \hbox (9.25679pt too wide) in paragraph at lines 207--208
\OT1/cmr/m/n/10.95 plicit, we added an ex-e-cutable au-dit script, $\OT1/cmtt/m
/n/10.95 paper7 / end _ to _ end _ validation .
 []


Overfull \hbox (5.30455pt too wide) in paragraph at lines 207--208
\OT1/cmr/m/n/10.95 real-environment eval-u-a-tion seeds, the 40-run reward-scal
ing grid, the reward-
 []


Overfull \hbox (13.76047pt too wide) in paragraph at lines 207--208
\OT1/cmr/m/n/10.95 scaling com-para-tor, recorded-action roll-out di-ag-nos-tic
s, policy-induced learned-
 []


Overfull \hbox (26.26175pt too wide) in paragraph at lines 207--208
\OT1/cmr/m/n/10.95 nos-tics, Bis-han non-learning base-lines, and Dongx-ing dat
a/action-space/dynamic-
 []


Underfull \hbox (badness 10000) in paragraph at lines 219--220
[]\OT1/cmr/m/n/9 End-to-end Bis-han re-sult
 []


Underfull \hbox (badness 10000) in paragraph at lines 220--220
[]\OT1/cmr/m/n/9 Calibration, grid search,
 []


Underfull \hbox (badness 2229) in paragraph at lines 220--221
[]\OT1/cmr/m/n/9 Observational re-ward reg-u-
 []


Underfull \hbox (badness 10000) in paragraph at lines 222--222
[]\OT1/cmr/m/n/9 Synchronized learned-real
 []


Underfull \hbox (badness 3965) in paragraph at lines 223--223
[]\OT1/cmr/m/n/9 Bishan non-learning
 []


Underfull \hbox (badness 2229) in paragraph at lines 223--224
[]\OT1/cmr/m/n/9 Local rules do not match
 []


Underfull \hbox (badness 10000) in paragraph at lines 224--224
[]\OT1/cmr/m/n/9 Dongxing ex-ter-nal
 []


Underfull \hbox (badness 4328) in paragraph at lines 224--224
[]\OT1/cmr/m/n/9 Data au-dit, DEM slopes,
 []


Underfull \hbox (badness 6741) in paragraph at lines 224--224
\OT1/cmr/m/n/9 blocks, non-RL dy-nam-ics,
 []


Underfull \hbox (badness 2818) in paragraph at lines 224--225
[]\OT1/cmr/m/n/9 External slope-only ac-tion-
 []


Overfull \hbox (22.56856pt too wide) in paragraph at lines 237--249
 [][] 
 []

[11]
Overfull \hbox (40.37515pt too wide) in paragraph at lines 257--258
\OT1/cmr/m/n/10.95 mary from the stored eval-u-a-tion files and re-turns 15 bal
-anced cal-i-brated/uncalibrated
 []

[12]
Overfull \hbox (1.04623pt too wide) in paragraph at lines 262--263
\OT1/cmr/m/n/10.95 We added real-environment non-learning base-lines to test wh
ether the county
 []


Overfull \hbox (8.66158pt too wide) in paragraph at lines 270--282
 [][] 
 []

[13] [14] [15] [16] [17]
Overfull \hbox (21.72964pt too wide) in paragraph at lines 436--437
\OT1/cmr/m/n/10.95 We tested aug-ment-ing the tran-si-tion model's per-block in
-put with 64-dimensional
 []


Overfull \hbox (26.21857pt too wide) in paragraph at lines 442--450
 [][] 
 []


Overfull \hbox (2.45656pt too wide) in paragraph at lines 452--453
[]\OT1/cmr/m/n/10.95 GeoFM em-bed-dings re-duce tran-si-tion model val-i-da-tio
n loss by 40% (0.051
 []

[18]
Overfull \hbox (11.81378pt too wide) in paragraph at lines 457--458
\OT1/cmr/m/n/10.95 We tested whether the geospa-tial pre-pro-cess-ing and block
-construction pipeline
 []

[19] [20] [21] [22] [23] [24]
Overfull \hbox (1.16795pt too wide) in paragraph at lines 598--599
\OT1/cmr/m/n/10.95 with treatment-effect-informed re-ward cal-i-bra-tion, can r
e-duce com-pu-ta-tional
 []


Overfull \hbox (18.65758pt too wide) in paragraph at lines 601--602
\OT1/cmr/m/n/10.95 negligible global-state and re-ward er-rors, mo-ti-vat-ing f
i-nal real-environment
 []


Overfull \hbox (29.70758pt too wide) in paragraph at lines 605--606
[]\OT1/cmr/bx/n/10.95 Observational cal-i-bra-tion ad-dresses re-ward ex-ploita
-tion. \OT1/cmr/m/n/10.95 Treatment-
 []

[25]
Overfull \hbox (0.91998pt too wide) in paragraph at lines 617--618
\OT1/cmr/bx/n/10.95 county RL claim. \OT1/cmr/m/n/10.95 The end-to-end au-dit s
up-ports the Bis-han learned-
 []

[26] [27] [28] (./manuscript_signed.aux)
 ***********
LaTeX2e <2025-11-01>
L3 programming layer <2026-03-20>
 ***********
Package rerunfilecheck Info: File `manuscript_signed.out' has not changed.
(rerunfilecheck)             Checksum: CDA5EE9481DC4C9C7DCC4132DE4DEB5C;6104.
 ) 
Here is how much of TeX's memory you used:
 11830 strings out of 468830
 183329 string characters out of 5454207
 601618 words of memory out of 5000000
 40460 multiletter control sequences out of 15000+600000
 642748 words of font info for 97 fonts, out of 8000000 for 9000
 319 hyphenation exceptions out of 8191
 75i,11n,79p,1910b,571s stack positions out of 10000i,1000n,20000p,200000b,200000s
 <c:/Users/zn198/.texlive2026/texmf-var/fonts/pk/ljfour/jknappen/ec/tcrm1095.
600pk> <c:/Users/zn198/.texlive2026/texmf-var/fonts/pk/ljfour/jknappen/ec/tcrm0
600.600pk> <c:/Users/zn198/.texlive2026/texmf-var/fonts/pk/ljfour/jknappen/ec/t
crm0800.600pk><d:/texlive/2026/texmf-dist/fonts/type1/public/amsfonts/cm/cmbx10
.pfb><d:/texlive/2026/texmf-dist/fonts/type1/public/amsfonts/cm/cmbx12.pfb><d:/
texlive/2026/texmf-dist/fonts/type1/public/amsfonts/cm/cmbx8.pfb><d:/texlive/20
26/texmf-dist/fonts/type1/public/amsfonts/cm/cmex10.pfb><d:/texlive/2026/texmf-
dist/fonts/type1/public/amsfonts/cm/cmmi10.pfb><d:/texlive/2026/texmf-dist/font
s/type1/public/amsfonts/cm/cmmi6.pfb><d:/texlive/2026/texmf-dist/fonts/type1/pu
blic/amsfonts/cm/cmmi8.pfb><d:/texlive/2026/texmf-dist/fonts/type1/public/amsfo
nts/cm/cmr10.pfb><d:/texlive/2026/texmf-dist/fonts/type1/public/amsfonts/cm/cmr
12.pfb><d:/texlive/2026/texmf-dist/fonts/type1/public/amsfonts/cm/cmr17.pfb><d:
/texlive/2026/texmf-dist/fonts/type1/public/amsfonts/cm/cmr8.pfb><d:/texlive/20
26/texmf-dist/fonts/type1/public/amsfonts/cm/cmr9.pfb><d:/texlive/2026/texmf-di
st/fonts/type1/public/amsfonts/cm/cmsy10.pfb><d:/texlive/2026/texmf-dist/fonts/
type1/public/amsfonts/cm/cmsy6.pfb><d:/texlive/2026/texmf-dist/fonts/type1/publ
ic/amsfonts/cm/cmsy8.pfb><d:/texlive/2026/texmf-dist/fonts/type1/public/amsfont
s/cm/cmti10.pfb><d:/texlive/2026/texmf-dist/fonts/type1/public/amsfonts/cm/cmti
12.pfb><d:/texlive/2026/texmf-dist/fonts/type1/public/amsfonts/cm/cmtt10.pfb><d
:/texlive/2026/texmf-dist/fonts/type1/public/amsfonts/symbols/msbm10.pfb>
Output written on manuscript_signed.pdf (28 pages, 322702 bytes).
PDF statistics:
 461 PDF objects out of 1000 (max. 8388607)
 384 compressed objects within 4 object streams
 102 named destinations out of 1000 (max. 500000)
 225 words of extra memory for PDF output out of 10000 (max. 10000000)

